<?xml version="1.0" encoding="utf-8"?><testsuites name="pytest tests"><testsuite name="pytest" errors="0" failures="0" skipped="0" tests="18" time="6.408" timestamp="2026-03-07T21:04:21.360725+00:00" hostname="agent-env-01850a8e-965f-455c-952a-1e65cf5fa5ee"><testcase classname="backend.tests.test_admin_dashboard.TestAuth" name="test_login_with_correct_credentials" time="0.511" /><testcase classname="backend.tests.test_admin_dashboard.TestAuth" name="test_login_with_wrong_email" time="0.171" /><testcase classname="backend.tests.test_admin_dashboard.TestAuth" name="test_login_with_wrong_password" time="0.333" /><testcase classname="backend.tests.test_admin_dashboard.TestVisitorTracking" name="test_track_visitor" time="0.218" /><testcase classname="backend.tests.test_admin_dashboard.TestVisitorTracking" name="test_track_visitor_without_referrer" time="0.187" /><testcase classname="backend.tests.test_admin_dashboard.TestAdminVisitors" name="test_get_visitors_with_auth" time="0.482" /><testcase classname="backend.tests.test_admin_dashboard.TestAdminVisitors" name="test_get_visitors_without_auth" time="0.115" /><testcase classname="backend.tests.test_admin_dashboard.TestAdminVisitors" name="test_get_visitors_with_invalid_token" time="0.136" /><testcase classname="backend.tests.test_admin_dashboard.TestAdminVisitors" name="test_get_visitor_stats_with_auth" time="0.437" /><testcase classname="backend.tests.test_admin_dashboard.TestPortfolio" name="test_get_portfolio_public" time="0.127" /><testcase classname="backend.tests.test_admin_dashboard.TestPortfolio" name="test_create_portfolio_project" time="0.454" /><testcase classname="backend.tests.test_admin_dashboard.TestPortfolio" name="test_create_portfolio_without_auth" time="0.094" /><testcase classname="backend.tests.test_admin_dashboard.TestPortfolio" name="test_update_portfolio_project" time="0.754" /><testcase classname="backend.tests.test_admin_dashboard.TestPortfolio" name="test_delete_portfolio_project" time="0.736" /><testcase classname="backend.tests.test_admin_dashboard.TestPortfolio" name="test_delete_nonexistent_project" time="0.460" /><testcase classname="backend.tests.test_admin_dashboard.TestAdminContacts" name="test_get_contacts_with_auth" time="0.452" /><testcase classname="backend.tests.test_admin_dashboard.TestAdminContacts" name="test_get_contacts_without_auth" time="0.116" /><testcase classname="backend.tests.test_admin_dashboard.TestCleanup" name="test_cleanup_test_projects" time="0.545" /></testsuite></testsuites>